[0.038s] Invoking command in '/Users/agaona/github.com/ekf-mono-slam/build/ekf-mono-slam': PIXI_PROMPT=(ekf-mono-slam) SHLVL=2 _=/usr/bin/env /Users/agaona/github.com/ekf-mono-slam/.pixi/envs/default/bin/cmake --build /Users/agaona/github.com/ekf-mono-slam/build/ekf-mono-slam -- -j8 -l8
[0.198s] [0/1] Re-running CMake...
[0.467s] -- Found ament_cmake: 1.3.7 (/Users/agaona/github.com/ekf-mono-slam/.pixi/envs/default/share/ament_cmake/cmake)
[0.968s] -- Override CMake install command with custom implementation using symlinks instead of copying resources
[0.986s] -- Found rclcpp: 16.0.8 (/Users/agaona/github.com/ekf-mono-slam/.pixi/envs/default/share/rclcpp/cmake)
[1.033s] -- Found rosidl_generator_c: 3.1.5 (/Users/agaona/github.com/ekf-mono-slam/.pixi/envs/default/share/rosidl_generator_c/cmake)
[1.037s] -- Found rosidl_adapter: 3.1.5 (/Users/agaona/github.com/ekf-mono-slam/.pixi/envs/default/share/rosidl_adapter/cmake)
[1.048s] -- Found rosidl_generator_cpp: 3.1.5 (/Users/agaona/github.com/ekf-mono-slam/.pixi/envs/default/share/rosidl_generator_cpp/cmake)
[1.068s] -- Using all available rosidl_typesupport_c: rosidl_typesupport_fastrtps_c;rosidl_typesupport_introspection_c
[1.095s] -- Using all available rosidl_typesupport_cpp: rosidl_typesupport_fastrtps_cpp;rosidl_typesupport_introspection_cpp
[1.308s] -- Found rmw_implementation_cmake: 6.1.1 (/Users/agaona/github.com/ekf-mono-slam/.pixi/envs/default/share/rmw_implementation_cmake/cmake)
[1.311s] -- Found rmw_cyclonedds_cpp: 1.3.4 (/Users/agaona/github.com/ekf-mono-slam/.pixi/envs/default/share/rmw_cyclonedds_cpp/cmake)
[1.356s] -- Using RMW implementation 'rmw_cyclonedds_cpp' as default
[1.542s] -- Found std_msgs: 4.2.3 (/Users/agaona/github.com/ekf-mono-slam/.pixi/envs/default/share/std_msgs/cmake)
[1.621s] -- Found ament_lint_auto: 0.12.10 (/Users/agaona/github.com/ekf-mono-slam/.pixi/envs/default/share/ament_lint_auto/cmake)
[1.953s] -- Added test 'copyright' to check source files copyright and LICENSE
[1.959s] -- Added test 'cppcheck' to perform static code analysis on C / C++ code
[1.959s] -- Configured cppcheck include dirs: 
[1.960s] -- Configured cppcheck exclude dirs and/or files: 
[1.964s] -- Added test 'cpplint' to check C / C++ code against the Google style
[1.964s] -- Configured cpplint exclude dirs and/or files: 
[1.967s] -- Added test 'lint_cmake' to check CMake code style
[1.973s] -- Added test 'uncrustify' to check C / C++ code style
[1.973s] -- Configured uncrustify additional arguments: 
[1.975s] -- Added test 'xmllint' to check XML markup files
[1.982s] -- Configuring done (1.6s)
[1.995s] CMake Error at CMakeLists.txt:17 (add_executable):
[1.995s]   Cannot find source file:
[1.995s] 
[1.995s]     publisher.cpp
[1.996s] 
[1.996s]   Tried extensions .c .C .c++ .cc .cpp .cxx .cu .mpp .m .M .mm .ixx .cppm
[1.996s]   .ccm .cxxm .c++m .h .hh .h++ .hm .hpp .hxx .in .txx .f .F .for .f77 .f90
[1.996s]   .f95 .f03 .hip .ispc
[1.996s] 
[1.996s] 
[1.996s] CMake Error at CMakeLists.txt:20 (add_executable):
[1.996s]   Cannot find source file:
[1.996s] 
[1.997s]     subscriber.cpp
[1.997s] 
[1.997s]   Tried extensions .c .C .c++ .cc .cpp .cxx .cu .mpp .m .M .mm .ixx .cppm
[1.997s]   .ccm .cxxm .c++m .h .hh .h++ .hm .hpp .hxx .in .txx .f .F .for .f77 .f90
[1.997s]   .f95 .f03 .hip .ispc
[1.997s] 
[1.997s] 
[1.997s] CMake Error at CMakeLists.txt:17 (add_executable):
[1.997s]   No SOURCES given to target: publisher
[1.997s] 
[1.997s] 
[1.997s] CMake Error at CMakeLists.txt:20 (add_executable):
[1.997s]   No SOURCES given to target: subscriber
[1.997s] 
[1.998s] 
[1.998s] CMake Generate step failed.  Build files cannot be regenerated correctly.
[2.002s] FAILED: build.ninja 
[2.002s] /Users/agaona/github.com/ekf-mono-slam/.pixi/envs/default/bin/cmake --regenerate-during-build -S/Users/agaona/github.com/ekf-mono-slam/src/ekf-mono-slam -B/Users/agaona/github.com/ekf-mono-slam/build/ekf-mono-slam
[2.003s] ninja: error: rebuilding 'build.ninja': subcommand failed
[2.006s] Invoked command in '/Users/agaona/github.com/ekf-mono-slam/build/ekf-mono-slam' returned '1': PIXI_PROMPT=(ekf-mono-slam) SHLVL=2 _=/usr/bin/env /Users/agaona/github.com/ekf-mono-slam/.pixi/envs/default/bin/cmake --build /Users/agaona/github.com/ekf-mono-slam/build/ekf-mono-slam -- -j8 -l8
