[0.039s] Invoking command in '/Users/agaona/github.com/ekf-mono-slam/build/ekf-mono-slam': PIXI_PROMPT=(ekf-mono-slam) SHLVL=2 _=/usr/bin/env /Users/agaona/github.com/ekf-mono-slam/.pixi/envs/default/bin/cmake /Users/agaona/github.com/ekf-mono-slam/src/ekf-mono-slam -G Ninja -DAMENT_CMAKE_SYMLINK_INSTALL=1 -DCMAKE_INSTALL_PREFIX=/Users/agaona/github.com/ekf-mono-slam/install/ekf-mono-slam
[0.256s] -- Found rclcpp: 16.0.8 (/Users/agaona/github.com/ekf-mono-slam/.pixi/envs/default/share/rclcpp/cmake)
[0.826s] -- Override CMake install command with custom implementation using symlinks instead of copying resources
[0.926s] -- Found rosidl_generator_c: 3.1.5 (/Users/agaona/github.com/ekf-mono-slam/.pixi/envs/default/share/rosidl_generator_c/cmake)
[0.932s] -- Found rosidl_adapter: 3.1.5 (/Users/agaona/github.com/ekf-mono-slam/.pixi/envs/default/share/rosidl_adapter/cmake)
[0.948s] -- Found rosidl_generator_cpp: 3.1.5 (/Users/agaona/github.com/ekf-mono-slam/.pixi/envs/default/share/rosidl_generator_cpp/cmake)
[0.971s] -- Using all available rosidl_typesupport_c: rosidl_typesupport_fastrtps_c;rosidl_typesupport_introspection_c
[1.004s] -- Using all available rosidl_typesupport_cpp: rosidl_typesupport_fastrtps_cpp;rosidl_typesupport_introspection_cpp
[1.237s] -- Found rmw_implementation_cmake: 6.1.1 (/Users/agaona/github.com/ekf-mono-slam/.pixi/envs/default/share/rmw_implementation_cmake/cmake)
[1.240s] -- Found rmw_cyclonedds_cpp: 1.3.4 (/Users/agaona/github.com/ekf-mono-slam/.pixi/envs/default/share/rmw_cyclonedds_cpp/cmake)
[1.298s] -- Using RMW implementation 'rmw_cyclonedds_cpp' as default
[1.468s] -- Found std_msgs: 4.2.3 (/Users/agaona/github.com/ekf-mono-slam/.pixi/envs/default/share/std_msgs/cmake)
[1.699s] -- Configuring done (1.5s)
[1.722s] -- Generating done (0.0s)
[1.759s] -- Build files have been written to: /Users/agaona/github.com/ekf-mono-slam/build/ekf-mono-slam
[1.765s] Invoked command in '/Users/agaona/github.com/ekf-mono-slam/build/ekf-mono-slam' returned '0': PIXI_PROMPT=(ekf-mono-slam) SHLVL=2 _=/usr/bin/env /Users/agaona/github.com/ekf-mono-slam/.pixi/envs/default/bin/cmake /Users/agaona/github.com/ekf-mono-slam/src/ekf-mono-slam -G Ninja -DAMENT_CMAKE_SYMLINK_INSTALL=1 -DCMAKE_INSTALL_PREFIX=/Users/agaona/github.com/ekf-mono-slam/install/ekf-mono-slam
[1.770s] Invoking command in '/Users/agaona/github.com/ekf-mono-slam/build/ekf-mono-slam': PIXI_PROMPT=(ekf-mono-slam) SHLVL=2 _=/usr/bin/env /Users/agaona/github.com/ekf-mono-slam/.pixi/envs/default/bin/cmake --build /Users/agaona/github.com/ekf-mono-slam/build/ekf-mono-slam -- -j8 -l8
[2.400s] [1/3] Building CXX object CMakeFiles/ekf-mono-slam.dir/src/subscriber.cpp.o
[2.401s] FAILED: CMakeFiles/ekf-mono-slam.dir/src/subscriber.cpp.o 
[2.401s] /Users/agaona/github.com/ekf-mono-slam/.pixi/envs/default/bin/x86_64-apple-darwin13.4.0-clang++  -I/Users/agaona/github.com/ekf-mono-slam/src/ekf-mono-slam/include -march=core2 -mtune=haswell -mssse3 -ftree-vectorize -fPIC -fstack-protector-strong -O2 -pipe -stdlib=libc++ -fvisibility-inlines-hidden -fmessage-length=0 -isystem /Users/agaona/github.com/ekf-mono-slam/.pixi/envs/default/include -isysroot /Applications/Xcode.app/Contents/Developer/Platforms/MacOSX.platform/Developer/SDKs/MacOSX.sdk -Wall -Wextra -Wpedantic -MD -MT CMakeFiles/ekf-mono-slam.dir/src/subscriber.cpp.o -MF CMakeFiles/ekf-mono-slam.dir/src/subscriber.cpp.o.d -o CMakeFiles/ekf-mono-slam.dir/src/subscriber.cpp.o -c /Users/agaona/github.com/ekf-mono-slam/src/ekf-mono-slam/src/subscriber.cpp
[2.401s] /Users/agaona/github.com/ekf-mono-slam/src/ekf-mono-slam/src/subscriber.cpp:3:10: fatal error: 'rclcpp/rclcpp.hpp' file not found
[2.401s] #include "rclcpp/rclcpp.hpp"
[2.401s]          ^~~~~~~~~~~~~~~~~~~
[2.401s] 1 error generated.
[2.740s] [2/3] Building CXX object CMakeFiles/ekf-mono-slam.dir/src/publisher.cpp.o
[2.740s] FAILED: CMakeFiles/ekf-mono-slam.dir/src/publisher.cpp.o 
[2.740s] /Users/agaona/github.com/ekf-mono-slam/.pixi/envs/default/bin/x86_64-apple-darwin13.4.0-clang++  -I/Users/agaona/github.com/ekf-mono-slam/src/ekf-mono-slam/include -march=core2 -mtune=haswell -mssse3 -ftree-vectorize -fPIC -fstack-protector-strong -O2 -pipe -stdlib=libc++ -fvisibility-inlines-hidden -fmessage-length=0 -isystem /Users/agaona/github.com/ekf-mono-slam/.pixi/envs/default/include -isysroot /Applications/Xcode.app/Contents/Developer/Platforms/MacOSX.platform/Developer/SDKs/MacOSX.sdk -Wall -Wextra -Wpedantic -MD -MT CMakeFiles/ekf-mono-slam.dir/src/publisher.cpp.o -MF CMakeFiles/ekf-mono-slam.dir/src/publisher.cpp.o.d -o CMakeFiles/ekf-mono-slam.dir/src/publisher.cpp.o -c /Users/agaona/github.com/ekf-mono-slam/src/ekf-mono-slam/src/publisher.cpp
[2.740s] /Users/agaona/github.com/ekf-mono-slam/src/ekf-mono-slam/src/publisher.cpp:5:10: fatal error: 'rclcpp/rclcpp.hpp' file not found
[2.740s] #include "rclcpp/rclcpp.hpp"
[2.740s]          ^~~~~~~~~~~~~~~~~~~
[2.740s] 1 error generated.
[2.740s] ninja: build stopped: subcommand failed.
[2.742s] Invoked command in '/Users/agaona/github.com/ekf-mono-slam/build/ekf-mono-slam' returned '1': PIXI_PROMPT=(ekf-mono-slam) SHLVL=2 _=/usr/bin/env /Users/agaona/github.com/ekf-mono-slam/.pixi/envs/default/bin/cmake --build /Users/agaona/github.com/ekf-mono-slam/build/ekf-mono-slam -- -j8 -l8
