[0.049s] Invoking command in '/Users/agaona/github.com/ekf-mono-slam/build/ekf-mono-slam': PIXI_PROMPT=(ekf-mono-slam) SHLVL=2 _=/usr/bin/env /Users/agaona/github.com/ekf-mono-slam/.pixi/envs/default/bin/cmake /Users/agaona/github.com/ekf-mono-slam/src/ekf-mono-slam -DCMAKE_INSTALL_PREFIX=/Users/agaona/github.com/ekf-mono-slam/install/ekf-mono-slam
[0.254s] -- Found ament_cmake: 1.3.7 (/Users/agaona/github.com/ekf-mono-slam/.pixi/envs/default/share/ament_cmake/cmake)
[0.808s] -- Override CMake install command with custom implementation using symlinks instead of copying resources
[0.827s] -- Found rclcpp: 16.0.8 (/Users/agaona/github.com/ekf-mono-slam/.pixi/envs/default/share/rclcpp/cmake)
[0.900s] -- Found rosidl_generator_c: 3.1.5 (/Users/agaona/github.com/ekf-mono-slam/.pixi/envs/default/share/rosidl_generator_c/cmake)
[0.906s] -- Found rosidl_adapter: 3.1.5 (/Users/agaona/github.com/ekf-mono-slam/.pixi/envs/default/share/rosidl_adapter/cmake)
[0.916s] -- Found rosidl_generator_cpp: 3.1.5 (/Users/agaona/github.com/ekf-mono-slam/.pixi/envs/default/share/rosidl_generator_cpp/cmake)
[0.937s] -- Using all available rosidl_typesupport_c: rosidl_typesupport_fastrtps_c;rosidl_typesupport_introspection_c
[0.965s] -- Using all available rosidl_typesupport_cpp: rosidl_typesupport_fastrtps_cpp;rosidl_typesupport_introspection_cpp
[1.198s] -- Found rmw_implementation_cmake: 6.1.1 (/Users/agaona/github.com/ekf-mono-slam/.pixi/envs/default/share/rmw_implementation_cmake/cmake)
[1.200s] -- Found rmw_cyclonedds_cpp: 1.3.4 (/Users/agaona/github.com/ekf-mono-slam/.pixi/envs/default/share/rmw_cyclonedds_cpp/cmake)
[1.248s] -- Using RMW implementation 'rmw_cyclonedds_cpp' as default
[1.422s] -- Found std_msgs: 4.2.3 (/Users/agaona/github.com/ekf-mono-slam/.pixi/envs/default/share/std_msgs/cmake)
[1.469s] -- Found ament_lint_auto: 0.12.10 (/Users/agaona/github.com/ekf-mono-slam/.pixi/envs/default/share/ament_lint_auto/cmake)
[1.621s] -- Added test 'copyright' to check source files copyright and LICENSE
[1.624s] -- Added test 'cppcheck' to perform static code analysis on C / C++ code
[1.624s] -- Configured cppcheck include dirs: 
[1.624s] -- Configured cppcheck exclude dirs and/or files: 
[1.626s] -- Added test 'cpplint' to check C / C++ code against the Google style
[1.626s] -- Configured cpplint exclude dirs and/or files: 
[1.627s] -- Added test 'lint_cmake' to check CMake code style
[1.630s] -- Added test 'uncrustify' to check C / C++ code style
[1.630s] -- Configured uncrustify additional arguments: 
[1.630s] -- Added test 'xmllint' to check XML markup files
[1.635s] -- Configuring done (1.4s)
[1.669s] -- Generating done (0.0s)
[1.716s] -- Build files have been written to: /Users/agaona/github.com/ekf-mono-slam/build/ekf-mono-slam
[1.723s] Invoked command in '/Users/agaona/github.com/ekf-mono-slam/build/ekf-mono-slam' returned '0': PIXI_PROMPT=(ekf-mono-slam) SHLVL=2 _=/usr/bin/env /Users/agaona/github.com/ekf-mono-slam/.pixi/envs/default/bin/cmake /Users/agaona/github.com/ekf-mono-slam/src/ekf-mono-slam -DCMAKE_INSTALL_PREFIX=/Users/agaona/github.com/ekf-mono-slam/install/ekf-mono-slam
[1.727s] Invoking command in '/Users/agaona/github.com/ekf-mono-slam/build/ekf-mono-slam': PIXI_PROMPT=(ekf-mono-slam) SHLVL=2 _=/usr/bin/env /Users/agaona/github.com/ekf-mono-slam/.pixi/envs/default/bin/cmake --build /Users/agaona/github.com/ekf-mono-slam/build/ekf-mono-slam -- -j8 -l8
[1.901s] ninja: no work to do.
[1.903s] Invoked command in '/Users/agaona/github.com/ekf-mono-slam/build/ekf-mono-slam' returned '0': PIXI_PROMPT=(ekf-mono-slam) SHLVL=2 _=/usr/bin/env /Users/agaona/github.com/ekf-mono-slam/.pixi/envs/default/bin/cmake --build /Users/agaona/github.com/ekf-mono-slam/build/ekf-mono-slam -- -j8 -l8
[2.262s] Invoking command in '/Users/agaona/github.com/ekf-mono-slam/build/ekf-mono-slam': PIXI_PROMPT=(ekf-mono-slam) SHLVL=2 _=/usr/bin/env /Users/agaona/github.com/ekf-mono-slam/.pixi/envs/default/bin/cmake --install /Users/agaona/github.com/ekf-mono-slam/build/ekf-mono-slam
[2.402s] -- Install configuration: ""
[2.403s] -- Execute custom install script
[2.403s] -- Up-to-date symlink: /Users/agaona/github.com/ekf-mono-slam/install/ekf-mono-slam/lib/ekf-mono-slam/publisher
[2.404s] -- Up-to-date symlink: /Users/agaona/github.com/ekf-mono-slam/install/ekf-mono-slam/lib/ekf-mono-slam/subscriber
[2.404s] -- Up-to-date symlink: /Users/agaona/github.com/ekf-mono-slam/install/ekf-mono-slam/share/ament_index/resource_index/package_run_dependencies/ekf-mono-slam
[2.405s] -- Up-to-date symlink: /Users/agaona/github.com/ekf-mono-slam/install/ekf-mono-slam/share/ament_index/resource_index/parent_prefix_path/ekf-mono-slam
[2.406s] -- Up-to-date symlink: /Users/agaona/github.com/ekf-mono-slam/install/ekf-mono-slam/share/ekf-mono-slam/environment/ament_prefix_path.sh
[2.406s] -- Up-to-date symlink: /Users/agaona/github.com/ekf-mono-slam/install/ekf-mono-slam/share/ekf-mono-slam/environment/ament_prefix_path.dsv
[2.407s] -- Up-to-date symlink: /Users/agaona/github.com/ekf-mono-slam/install/ekf-mono-slam/share/ekf-mono-slam/environment/path.sh
[2.407s] -- Up-to-date symlink: /Users/agaona/github.com/ekf-mono-slam/install/ekf-mono-slam/share/ekf-mono-slam/environment/path.dsv
[2.407s] -- Up-to-date symlink: /Users/agaona/github.com/ekf-mono-slam/install/ekf-mono-slam/share/ekf-mono-slam/local_setup.bash
[2.408s] -- Up-to-date symlink: /Users/agaona/github.com/ekf-mono-slam/install/ekf-mono-slam/share/ekf-mono-slam/local_setup.sh
[2.408s] -- Up-to-date symlink: /Users/agaona/github.com/ekf-mono-slam/install/ekf-mono-slam/share/ekf-mono-slam/local_setup.zsh
[2.409s] -- Up-to-date symlink: /Users/agaona/github.com/ekf-mono-slam/install/ekf-mono-slam/share/ekf-mono-slam/local_setup.dsv
[2.409s] -- Symlinking: /Users/agaona/github.com/ekf-mono-slam/install/ekf-mono-slam/share/ekf-mono-slam/package.dsv
[2.554s] -- Up-to-date symlink: /Users/agaona/github.com/ekf-mono-slam/install/ekf-mono-slam/share/ament_index/resource_index/packages/ekf-mono-slam
[2.554s] -- Up-to-date symlink: /Users/agaona/github.com/ekf-mono-slam/install/ekf-mono-slam/share/ekf-mono-slam/cmake/ekf-mono-slamConfig.cmake
[2.555s] -- Up-to-date symlink: /Users/agaona/github.com/ekf-mono-slam/install/ekf-mono-slam/share/ekf-mono-slam/cmake/ekf-mono-slamConfig-version.cmake
[2.555s] -- Up-to-date symlink: /Users/agaona/github.com/ekf-mono-slam/install/ekf-mono-slam/share/ekf-mono-slam/package.xml
[2.558s] Invoked command in '/Users/agaona/github.com/ekf-mono-slam/build/ekf-mono-slam' returned '0': PIXI_PROMPT=(ekf-mono-slam) SHLVL=2 _=/usr/bin/env /Users/agaona/github.com/ekf-mono-slam/.pixi/envs/default/bin/cmake --install /Users/agaona/github.com/ekf-mono-slam/build/ekf-mono-slam
