[0.225s] [34mcolcon[0m [1;30mDEBUG[0m [32mCommand line arguments: ['/Users/agaona/github.com/ekf-mono-slam/.pixi/envs/default/bin/colcon', 'build', '--symlink-install', '--cmake-args', '-G', 'Ninja'][0m
[0.225s] [34mcolcon[0m [1;30mDEBUG[0m [32mParsed command line arguments: Namespace(log_base=None, log_level=None, verb_name='build', build_base='build', install_base='install', merge_install=False, symlink_install=True, test_result_base=None, continue_on_error=False, executor='parallel', parallel_workers=8, event_handlers=None, ignore_user_meta=False, metas=['./colcon.meta'], base_paths=['.'], packages_ignore=None, packages_ignore_regex=None, paths=None, packages_up_to=None, packages_up_to_regex=None, packages_above=None, packages_above_and_dependencies=None, packages_above_depth=None, packages_select_by_dep=None, packages_skip_by_dep=None, packages_skip_up_to=None, packages_select_build_failed=False, packages_skip_build_finished=False, packages_select_test_failures=False, packages_skip_test_passed=False, packages_select=None, packages_skip=None, packages_select_regex=None, packages_skip_regex=None, packages_start=None, packages_end=None, cmake_args=['-G', 'Ninja'], cmake_target=None, cmake_target_skip_unavailable=False, cmake_clean_cache=False, cmake_clean_first=False, cmake_force_configure=False, ament_cmake_args=None, catkin_cmake_args=None, catkin_skip_building_tests=False, verb_parser=<colcon_defaults.argument_parser.defaults.DefaultArgumentsDecorator object at 0x103c21910>, verb_extension=<colcon_core.verb.build.BuildVerb object at 0x103b54a10>, main=<bound method BuildVerb.main of <colcon_core.verb.build.BuildVerb object at 0x103b54a10>>)[0m
[0.276s] [34mcolcon.colcon_core.package_discovery[0m [1;30mLevel 1[0m discover_packages(colcon_meta) check parameters
[0.277s] [34mcolcon.colcon_core.package_discovery[0m [1;30mLevel 1[0m discover_packages(recursive) check parameters
[0.277s] [34mcolcon.colcon_core.package_discovery[0m [1;30mLevel 1[0m discover_packages(ignore) check parameters
[0.277s] [34mcolcon.colcon_core.package_discovery[0m [1;30mLevel 1[0m discover_packages(path) check parameters
[0.277s] [34mcolcon.colcon_core.package_discovery[0m [1;30mLevel 1[0m discover_packages(colcon_meta) discover
[0.277s] [34mcolcon.colcon_core.package_discovery[0m [1;30mLevel 1[0m discover_packages(recursive) discover
[0.277s] [34mcolcon.colcon_core.package_discovery[0m [1;30mINFO[0m Crawling recursively for packages in '/Users/agaona/github.com/ekf-mono-slam'
[0.278s] [34mcolcon.colcon_core.package_identification[0m [1;30mLevel 1[0m _identify(.) by extensions ['ignore', 'ignore_ament_install']
[0.278s] [34mcolcon.colcon_core.package_identification[0m [1;30mLevel 1[0m _identify(.) by extension 'ignore'
[0.278s] [34mcolcon.colcon_core.package_identification[0m [1;30mLevel 1[0m _identify(.) by extension 'ignore_ament_install'
[0.278s] [34mcolcon.colcon_core.package_identification[0m [1;30mLevel 1[0m _identify(.) by extensions ['colcon_pkg']
[0.278s] [34mcolcon.colcon_core.package_identification[0m [1;30mLevel 1[0m _identify(.) by extension 'colcon_pkg'
[0.278s] [34mcolcon.colcon_core.package_identification[0m [1;30mLevel 1[0m _identify(.) by extensions ['colcon_meta']
[0.278s] [34mcolcon.colcon_core.package_identification[0m [1;30mLevel 1[0m _identify(.) by extension 'colcon_meta'
[0.278s] [34mcolcon.colcon_core.package_identification[0m [1;30mLevel 1[0m _identify(.) by extensions ['ros']
[0.278s] [34mcolcon.colcon_core.package_identification[0m [1;30mLevel 1[0m _identify(.) by extension 'ros'
[0.303s] [34mcolcon.colcon_core.package_identification[0m [1;30mLevel 1[0m _identify(.) by extensions ['cmake', 'python']
[0.303s] [34mcolcon.colcon_core.package_identification[0m [1;30mLevel 1[0m _identify(.) by extension 'cmake'
[0.303s] [34mcolcon.colcon_core.package_identification[0m [1;30mLevel 1[0m _identify(.) by extension 'python'
[0.303s] [34mcolcon.colcon_core.package_identification[0m [1;30mLevel 1[0m _identify(.) by extensions ['python_setup_py']
[0.303s] [34mcolcon.colcon_core.package_identification[0m [1;30mLevel 1[0m _identify(.) by extension 'python_setup_py'
[0.303s] [34mcolcon.colcon_core.package_identification[0m [1;30mLevel 1[0m _identify(build) by extensions ['ignore', 'ignore_ament_install']
[0.303s] [34mcolcon.colcon_core.package_identification[0m [1;30mLevel 1[0m _identify(build) by extension 'ignore'
[0.304s] [34mcolcon.colcon_core.package_identification[0m [1;30mLevel 1[0m _identify(build) ignored
[0.304s] [34mcolcon.colcon_core.package_identification[0m [1;30mLevel 1[0m _identify(install) by extensions ['ignore', 'ignore_ament_install']
[0.304s] [34mcolcon.colcon_core.package_identification[0m [1;30mLevel 1[0m _identify(install) by extension 'ignore'
[0.304s] [34mcolcon.colcon_core.package_identification[0m [1;30mLevel 1[0m _identify(install) ignored
[0.304s] [34mcolcon.colcon_core.package_identification[0m [1;30mLevel 1[0m _identify(log) by extensions ['ignore', 'ignore_ament_install']
[0.305s] [34mcolcon.colcon_core.package_identification[0m [1;30mLevel 1[0m _identify(log) by extension 'ignore'
[0.305s] [34mcolcon.colcon_core.package_identification[0m [1;30mLevel 1[0m _identify(log) ignored
[0.305s] [34mcolcon.colcon_core.package_identification[0m [1;30mLevel 1[0m _identify(src) by extensions ['ignore', 'ignore_ament_install']
[0.305s] [34mcolcon.colcon_core.package_identification[0m [1;30mLevel 1[0m _identify(src) by extension 'ignore'
[0.305s] [34mcolcon.colcon_core.package_identification[0m [1;30mLevel 1[0m _identify(src) by extension 'ignore_ament_install'
[0.305s] [34mcolcon.colcon_core.package_identification[0m [1;30mLevel 1[0m _identify(src) by extensions ['colcon_pkg']
[0.305s] [34mcolcon.colcon_core.package_identification[0m [1;30mLevel 1[0m _identify(src) by extension 'colcon_pkg'
[0.305s] [34mcolcon.colcon_core.package_identification[0m [1;30mLevel 1[0m _identify(src) by extensions ['colcon_meta']
[0.305s] [34mcolcon.colcon_core.package_identification[0m [1;30mLevel 1[0m _identify(src) by extension 'colcon_meta'
[0.305s] [34mcolcon.colcon_core.package_identification[0m [1;30mLevel 1[0m _identify(src) by extensions ['ros']
[0.305s] [34mcolcon.colcon_core.package_identification[0m [1;30mLevel 1[0m _identify(src) by extension 'ros'
[0.305s] [34mcolcon.colcon_core.package_identification[0m [1;30mLevel 1[0m _identify(src) by extensions ['cmake', 'python']
[0.306s] [34mcolcon.colcon_core.package_identification[0m [1;30mLevel 1[0m _identify(src) by extension 'cmake'
[0.306s] [34mcolcon.colcon_core.package_identification[0m [1;30mLevel 1[0m _identify(src) by extension 'python'
[0.306s] [34mcolcon.colcon_core.package_identification[0m [1;30mLevel 1[0m _identify(src) by extensions ['python_setup_py']
[0.306s] [34mcolcon.colcon_core.package_identification[0m [1;30mLevel 1[0m _identify(src) by extension 'python_setup_py'
[0.306s] [34mcolcon.colcon_core.package_identification[0m [1;30mLevel 1[0m _identify(src/ekf-mono-slam) by extensions ['ignore', 'ignore_ament_install']
[0.306s] [34mcolcon.colcon_core.package_identification[0m [1;30mLevel 1[0m _identify(src/ekf-mono-slam) by extension 'ignore'
[0.306s] [34mcolcon.colcon_core.package_identification[0m [1;30mLevel 1[0m _identify(src/ekf-mono-slam) by extension 'ignore_ament_install'
[0.306s] [34mcolcon.colcon_core.package_identification[0m [1;30mLevel 1[0m _identify(src/ekf-mono-slam) by extensions ['colcon_pkg']
[0.306s] [34mcolcon.colcon_core.package_identification[0m [1;30mLevel 1[0m _identify(src/ekf-mono-slam) by extension 'colcon_pkg'
[0.306s] [34mcolcon.colcon_core.package_identification[0m [1;30mLevel 1[0m _identify(src/ekf-mono-slam) by extensions ['colcon_meta']
[0.306s] [34mcolcon.colcon_core.package_identification[0m [1;30mLevel 1[0m _identify(src/ekf-mono-slam) by extension 'colcon_meta'
[0.306s] [34mcolcon.colcon_core.package_identification[0m [1;30mLevel 1[0m _identify(src/ekf-mono-slam) by extensions ['ros']
[0.306s] [34mcolcon.colcon_core.package_identification[0m [1;30mLevel 1[0m _identify(src/ekf-mono-slam) by extension 'ros'
[0.310s] [34mcolcon.colcon_core.package_identification[0m [1;30mDEBUG[0m [32mPackage 'src/ekf-mono-slam' with type 'ros.ament_cmake' and name 'ekf-mono-slam'[0m
[0.310s] [34mcolcon.colcon_core.package_discovery[0m [1;30mLevel 1[0m discover_packages(recursive) using defaults
[0.310s] [34mcolcon.colcon_core.package_discovery[0m [1;30mLevel 1[0m discover_packages(ignore) discover
[0.310s] [34mcolcon.colcon_core.package_discovery[0m [1;30mLevel 1[0m discover_packages(ignore) using defaults
[0.310s] [34mcolcon.colcon_core.package_discovery[0m [1;30mLevel 1[0m discover_packages(path) discover
[0.310s] [34mcolcon.colcon_core.package_discovery[0m [1;30mLevel 1[0m discover_packages(path) using defaults
[0.336s] [34mcolcon.colcon_core.verb[0m [1;30mLevel 5[0m set package 'ekf-mono-slam' build argument 'cmake_args' from command line to '['-G', 'Ninja']'
[0.336s] [34mcolcon.colcon_core.verb[0m [1;30mLevel 5[0m set package 'ekf-mono-slam' build argument 'cmake_target' from command line to 'None'
[0.336s] [34mcolcon.colcon_core.verb[0m [1;30mLevel 5[0m set package 'ekf-mono-slam' build argument 'cmake_target_skip_unavailable' from command line to 'False'
[0.336s] [34mcolcon.colcon_core.verb[0m [1;30mLevel 5[0m set package 'ekf-mono-slam' build argument 'cmake_clean_cache' from command line to 'False'
[0.336s] [34mcolcon.colcon_core.verb[0m [1;30mLevel 5[0m set package 'ekf-mono-slam' build argument 'cmake_clean_first' from command line to 'False'
[0.336s] [34mcolcon.colcon_core.verb[0m [1;30mLevel 5[0m set package 'ekf-mono-slam' build argument 'cmake_force_configure' from command line to 'False'
[0.336s] [34mcolcon.colcon_core.verb[0m [1;30mLevel 5[0m set package 'ekf-mono-slam' build argument 'ament_cmake_args' from command line to 'None'
[0.336s] [34mcolcon.colcon_core.verb[0m [1;30mLevel 5[0m set package 'ekf-mono-slam' build argument 'catkin_cmake_args' from command line to 'None'
[0.336s] [34mcolcon.colcon_core.verb[0m [1;30mLevel 5[0m set package 'ekf-mono-slam' build argument 'catkin_skip_building_tests' from command line to 'False'
[0.336s] [34mcolcon.colcon_core.verb[0m [1;30mDEBUG[0m [32mBuilding package 'ekf-mono-slam' with the following arguments: {'ament_cmake_args': None, 'build_base': '/Users/agaona/github.com/ekf-mono-slam/build/ekf-mono-slam', 'catkin_cmake_args': None, 'catkin_skip_building_tests': False, 'cmake_args': ['-G', 'Ninja'], 'cmake_clean_cache': False, 'cmake_clean_first': False, 'cmake_force_configure': False, 'cmake_target': None, 'cmake_target_skip_unavailable': False, 'install_base': '/Users/agaona/github.com/ekf-mono-slam/install/ekf-mono-slam', 'merge_install': False, 'path': '/Users/agaona/github.com/ekf-mono-slam/src/ekf-mono-slam', 'symlink_install': True, 'test_result_base': None}[0m
[0.336s] [34mcolcon.colcon_core.executor[0m [1;30mINFO[0m Executing jobs using 'parallel' executor
[0.337s] [34mcolcon.colcon_parallel_executor.executor.parallel[0m [1;30mDEBUG[0m [32mrun_until_complete[0m
[0.338s] [34mcolcon.colcon_ros.task.ament_cmake.build[0m [1;30mINFO[0m Building ROS package in '/Users/agaona/github.com/ekf-mono-slam/src/ekf-mono-slam' with build type 'ament_cmake'
[0.338s] [34mcolcon.colcon_cmake.task.cmake.build[0m [1;30mINFO[0m Building CMake package in '/Users/agaona/github.com/ekf-mono-slam/src/ekf-mono-slam'
[0.343s] [34mcolcon.colcon_core.plugin_system[0m [1;30mINFO[0m Skipping extension 'colcon_core.shell.bat': Not used on non-Windows systems
[0.343s] [34mcolcon.colcon_core.shell[0m [1;30mINFO[0m Skip shell extension 'powershell' for command environment: Not usable outside of PowerShell
[0.343s] [34mcolcon.colcon_core.shell[0m [1;30mDEBUG[0m [32mSkip shell extension 'dsv' for command environment[0m
[0.382s] [34mcolcon.colcon_core.event_handler.log_command[0m [1;30mDEBUG[0m [32mInvoking command in '/Users/agaona/github.com/ekf-mono-slam/build/ekf-mono-slam': PIXI_PROMPT=(ekf-mono-slam) SHLVL=2 _=/usr/bin/env /Users/agaona/github.com/ekf-mono-slam/.pixi/envs/default/bin/cmake /Users/agaona/github.com/ekf-mono-slam/src/ekf-mono-slam -G Ninja -DAMENT_CMAKE_SYMLINK_INSTALL=1 -DCMAKE_INSTALL_PREFIX=/Users/agaona/github.com/ekf-mono-slam/install/ekf-mono-slam[0m
[10.153s] [34mcolcon.colcon_core.event_handler.log_command[0m [1;30mDEBUG[0m [32mInvoked command in '/Users/agaona/github.com/ekf-mono-slam/build/ekf-mono-slam' returned '0': PIXI_PROMPT=(ekf-mono-slam) SHLVL=2 _=/usr/bin/env /Users/agaona/github.com/ekf-mono-slam/.pixi/envs/default/bin/cmake /Users/agaona/github.com/ekf-mono-slam/src/ekf-mono-slam -G Ninja -DAMENT_CMAKE_SYMLINK_INSTALL=1 -DCMAKE_INSTALL_PREFIX=/Users/agaona/github.com/ekf-mono-slam/install/ekf-mono-slam[0m
[10.156s] [34mcolcon.colcon_core.event_handler.log_command[0m [1;30mDEBUG[0m [32mInvoking command in '/Users/agaona/github.com/ekf-mono-slam/build/ekf-mono-slam': PIXI_PROMPT=(ekf-mono-slam) SHLVL=2 _=/usr/bin/env /Users/agaona/github.com/ekf-mono-slam/.pixi/envs/default/bin/cmake --build /Users/agaona/github.com/ekf-mono-slam/build/ekf-mono-slam -- -j8 -l8[0m
[11.426s] [34mcolcon.colcon_core.event_handler.log_command[0m [1;30mDEBUG[0m [32mInvoked command in '/Users/agaona/github.com/ekf-mono-slam/build/ekf-mono-slam' returned '1': PIXI_PROMPT=(ekf-mono-slam) SHLVL=2 _=/usr/bin/env /Users/agaona/github.com/ekf-mono-slam/.pixi/envs/default/bin/cmake --build /Users/agaona/github.com/ekf-mono-slam/build/ekf-mono-slam -- -j8 -l8[0m
[11.621s] [34mcolcon.colcon_core.environment[0m [1;30mLevel 1[0m create_environment_scripts_only(ekf-mono-slam)
[11.629s] [34mcolcon.colcon_core.environment[0m [1;30mLevel 1[0m checking '/Users/agaona/github.com/ekf-mono-slam/install/ekf-mono-slam' for CMake module files
[11.629s] [34mcolcon.colcon_core.environment[0m [1;30mLevel 1[0m checking '/Users/agaona/github.com/ekf-mono-slam/install/ekf-mono-slam' for CMake config files
[11.629s] [34mcolcon.colcon_core.environment[0m [1;30mLevel 1[0m checking '/Users/agaona/github.com/ekf-mono-slam/install/ekf-mono-slam/lib'
[11.629s] [34mcolcon.colcon_core.environment[0m [1;30mLevel 1[0m checking '/Users/agaona/github.com/ekf-mono-slam/install/ekf-mono-slam/bin'
[11.629s] [34mcolcon.colcon_core.environment[0m [1;30mLevel 1[0m checking '/Users/agaona/github.com/ekf-mono-slam/install/ekf-mono-slam/lib/pkgconfig/ekf-mono-slam.pc'
[11.630s] [34mcolcon.colcon_core.environment[0m [1;30mLevel 1[0m checking '/Users/agaona/github.com/ekf-mono-slam/install/ekf-mono-slam/lib/python3.11/site-packages'
[11.630s] [34mcolcon.colcon_core.environment[0m [1;30mLevel 1[0m checking '/Users/agaona/github.com/ekf-mono-slam/install/ekf-mono-slam/bin'
[11.630s] [34mcolcon.colcon_core.shell[0m [1;30mINFO[0m Creating package script '/Users/agaona/github.com/ekf-mono-slam/install/ekf-mono-slam/share/ekf-mono-slam/package.ps1'
[11.633s] [34mcolcon.colcon_core.shell[0m [1;30mINFO[0m Creating package descriptor '/Users/agaona/github.com/ekf-mono-slam/install/ekf-mono-slam/share/ekf-mono-slam/package.dsv'
[11.634s] [34mcolcon.colcon_core.shell[0m [1;30mINFO[0m Creating package script '/Users/agaona/github.com/ekf-mono-slam/install/ekf-mono-slam/share/ekf-mono-slam/package.sh'
[11.635s] [34mcolcon.colcon_core.shell[0m [1;30mINFO[0m Creating package script '/Users/agaona/github.com/ekf-mono-slam/install/ekf-mono-slam/share/ekf-mono-slam/package.bash'
[11.637s] [34mcolcon.colcon_core.shell[0m [1;30mINFO[0m Creating package script '/Users/agaona/github.com/ekf-mono-slam/install/ekf-mono-slam/share/ekf-mono-slam/package.zsh'
[11.638s] [34mcolcon.colcon_core.environment[0m [1;30mLevel 1[0m create_file_with_runtime_dependencies(/Users/agaona/github.com/ekf-mono-slam/install/ekf-mono-slam/share/colcon-core/packages/ekf-mono-slam)
[11.639s] [34mcolcon.colcon_parallel_executor.executor.parallel[0m [1;30mDEBUG[0m [32mclosing loop[0m
[11.639s] [34mcolcon.colcon_parallel_executor.executor.parallel[0m [1;30mDEBUG[0m [32mloop closed[0m
[11.640s] [34mcolcon.colcon_parallel_executor.executor.parallel[0m [1;30mDEBUG[0m [32mrun_until_complete finished with '1'[0m
[11.640s] [34mcolcon.colcon_core.event_reactor[0m [1;30mDEBUG[0m [32mjoining thread[0m
[11.641s] [34mcolcon.colcon_core.event_reactor[0m [1;30mDEBUG[0m [32mjoined thread[0m
[11.641s] [34mcolcon.colcon_core.shell[0m [1;30mINFO[0m Creating prefix script '/Users/agaona/github.com/ekf-mono-slam/install/local_setup.ps1'
[11.643s] [34mcolcon.colcon_core.shell[0m [1;30mINFO[0m Creating prefix util module '/Users/agaona/github.com/ekf-mono-slam/install/_local_setup_util_ps1.py'
[11.645s] [34mcolcon.colcon_core.shell[0m [1;30mINFO[0m Creating prefix chain script '/Users/agaona/github.com/ekf-mono-slam/install/setup.ps1'
[11.646s] [34mcolcon.colcon_core.shell[0m [1;30mINFO[0m Creating prefix script '/Users/agaona/github.com/ekf-mono-slam/install/local_setup.sh'
[11.648s] [34mcolcon.colcon_core.shell[0m [1;30mINFO[0m Creating prefix util module '/Users/agaona/github.com/ekf-mono-slam/install/_local_setup_util_sh.py'
[11.649s] [34mcolcon.colcon_core.shell[0m [1;30mINFO[0m Creating prefix chain script '/Users/agaona/github.com/ekf-mono-slam/install/setup.sh'
[11.650s] [34mcolcon.colcon_core.shell[0m [1;30mINFO[0m Creating prefix script '/Users/agaona/github.com/ekf-mono-slam/install/local_setup.bash'
[11.651s] [34mcolcon.colcon_core.shell[0m [1;30mINFO[0m Creating prefix chain script '/Users/agaona/github.com/ekf-mono-slam/install/setup.bash'
[11.653s] [34mcolcon.colcon_core.shell[0m [1;30mINFO[0m Creating prefix script '/Users/agaona/github.com/ekf-mono-slam/install/local_setup.zsh'
[11.654s] [34mcolcon.colcon_core.shell[0m [1;30mINFO[0m Creating prefix chain script '/Users/agaona/github.com/ekf-mono-slam/install/setup.zsh'
