-- Found ament_cmake: 1.3.7 (/Users/agaona/github.com/ekf-mono-slam/.pixi/envs/default/share/ament_cmake/cmake)
-- Override CMake install command with custom implementation using symlinks instead of copying resources
-- Found rclcpp: 16.0.8 (/Users/agaona/github.com/ekf-mono-slam/.pixi/envs/default/share/rclcpp/cmake)
-- Found rosidl_generator_c: 3.1.5 (/Users/agaona/github.com/ekf-mono-slam/.pixi/envs/default/share/rosidl_generator_c/cmake)
-- Found rosidl_adapter: 3.1.5 (/Users/agaona/github.com/ekf-mono-slam/.pixi/envs/default/share/rosidl_adapter/cmake)
-- Found rosidl_generator_cpp: 3.1.5 (/Users/agaona/github.com/ekf-mono-slam/.pixi/envs/default/share/rosidl_generator_cpp/cmake)
-- Using all available rosidl_typesupport_c: rosidl_typesupport_fastrtps_c;rosidl_typesupport_introspection_c
-- Using all available rosidl_typesupport_cpp: rosidl_typesupport_fastrtps_cpp;rosidl_typesupport_introspection_cpp
-- Found rmw_implementation_cmake: 6.1.1 (/Users/agaona/github.com/ekf-mono-slam/.pixi/envs/default/share/rmw_implementation_cmake/cmake)
-- Found rmw_cyclonedds_cpp: 1.3.4 (/Users/agaona/github.com/ekf-mono-slam/.pixi/envs/default/share/rmw_cyclonedds_cpp/cmake)
-- Using RMW implementation 'rmw_cyclonedds_cpp' as default
-- Found std_msgs: 4.2.3 (/Users/agaona/github.com/ekf-mono-slam/.pixi/envs/default/share/std_msgs/cmake)
-- Found ament_lint_auto: 0.12.10 (/Users/agaona/github.com/ekf-mono-slam/.pixi/envs/default/share/ament_lint_auto/cmake)
-- Added test 'copyright' to check source files copyright and LICENSE
-- Added test 'cppcheck' to perform static code analysis on C / C++ code
-- Configured cppcheck include dirs: 
-- Configured cppcheck exclude dirs and/or files: 
-- Added test 'cpplint' to check C / C++ code against the Google style
-- Configured cpplint exclude dirs and/or files: 
-- Added test 'lint_cmake' to check CMake code style
-- Added test 'uncrustify' to check C / C++ code style
-- Configured uncrustify additional arguments: 
-- Added test 'xmllint' to check XML markup files
-- Configuring done (1.5s)
-- Generating done (0.0s)
-- Build files have been written to: /Users/agaona/github.com/ekf-mono-slam/build/ekf-mono-slam
[1/2] Building CXX object CMakeFiles/publisher.dir/src/publisher.cpp.o
[2/2] Linking CXX executable publisher
-- Install configuration: ""
-- Execute custom install script
-- Up-to-date symlink: /Users/agaona/github.com/ekf-mono-slam/install/ekf-mono-slam/lib/ekf-mono-slam/publisher
-- Up-to-date symlink: /Users/agaona/github.com/ekf-mono-slam/install/ekf-mono-slam/lib/ekf-mono-slam/subscriber
-- Up-to-date symlink: /Users/agaona/github.com/ekf-mono-slam/install/ekf-mono-slam/share/ament_index/resource_index/package_run_dependencies/ekf-mono-slam
-- Up-to-date symlink: /Users/agaona/github.com/ekf-mono-slam/install/ekf-mono-slam/share/ament_index/resource_index/parent_prefix_path/ekf-mono-slam
-- Up-to-date symlink: /Users/agaona/github.com/ekf-mono-slam/install/ekf-mono-slam/share/ekf-mono-slam/environment/ament_prefix_path.sh
-- Up-to-date symlink: /Users/agaona/github.com/ekf-mono-slam/install/ekf-mono-slam/share/ekf-mono-slam/environment/ament_prefix_path.dsv
-- Up-to-date symlink: /Users/agaona/github.com/ekf-mono-slam/install/ekf-mono-slam/share/ekf-mono-slam/environment/path.sh
-- Up-to-date symlink: /Users/agaona/github.com/ekf-mono-slam/install/ekf-mono-slam/share/ekf-mono-slam/environment/path.dsv
-- Up-to-date symlink: /Users/agaona/github.com/ekf-mono-slam/install/ekf-mono-slam/share/ekf-mono-slam/local_setup.bash
-- Up-to-date symlink: /Users/agaona/github.com/ekf-mono-slam/install/ekf-mono-slam/share/ekf-mono-slam/local_setup.sh
-- Up-to-date symlink: /Users/agaona/github.com/ekf-mono-slam/install/ekf-mono-slam/share/ekf-mono-slam/local_setup.zsh
-- Up-to-date symlink: /Users/agaona/github.com/ekf-mono-slam/install/ekf-mono-slam/share/ekf-mono-slam/local_setup.dsv
-- Symlinking: /Users/agaona/github.com/ekf-mono-slam/install/ekf-mono-slam/share/ekf-mono-slam/package.dsv
-- Up-to-date symlink: /Users/agaona/github.com/ekf-mono-slam/install/ekf-mono-slam/share/ament_index/resource_index/packages/ekf-mono-slam
-- Up-to-date symlink: /Users/agaona/github.com/ekf-mono-slam/install/ekf-mono-slam/share/ekf-mono-slam/cmake/ekf-mono-slamConfig.cmake
-- Up-to-date symlink: /Users/agaona/github.com/ekf-mono-slam/install/ekf-mono-slam/share/ekf-mono-slam/cmake/ekf-mono-slamConfig-version.cmake
-- Up-to-date symlink: /Users/agaona/github.com/ekf-mono-slam/install/ekf-mono-slam/share/ekf-mono-slam/package.xml
