[0.040s] Invoking command in '/Users/agaona/github.com/ekf-mono-slam/build/ekf-mono-slam': PIXI_PROMPT=(ekf-mono-slam) SHLVL=2 _=/usr/bin/env /Users/agaona/github.com/ekf-mono-slam/.pixi/envs/default/bin/cmake /Users/agaona/github.com/ekf-mono-slam/src/ekf-mono-slam -G Ninja -DAMENT_CMAKE_SYMLINK_INSTALL=1 -DCMAKE_INSTALL_PREFIX=/Users/agaona/github.com/ekf-mono-slam/install/ekf-mono-slam
[0.247s] -- Found ament_cmake: 1.3.7 (/Users/agaona/github.com/ekf-mono-slam/.pixi/envs/default/share/ament_cmake/cmake)
[0.835s] -- Override CMake install command with custom implementation using symlinks instead of copying resources
[0.859s] -- Found rclcpp: 16.0.8 (/Users/agaona/github.com/ekf-mono-slam/.pixi/envs/default/share/rclcpp/cmake)
[0.909s] -- Found rosidl_generator_c: 3.1.5 (/Users/agaona/github.com/ekf-mono-slam/.pixi/envs/default/share/rosidl_generator_c/cmake)
[0.914s] -- Found rosidl_adapter: 3.1.5 (/Users/agaona/github.com/ekf-mono-slam/.pixi/envs/default/share/rosidl_adapter/cmake)
[0.925s] -- Found rosidl_generator_cpp: 3.1.5 (/Users/agaona/github.com/ekf-mono-slam/.pixi/envs/default/share/rosidl_generator_cpp/cmake)
[0.945s] -- Using all available rosidl_typesupport_c: rosidl_typesupport_fastrtps_c;rosidl_typesupport_introspection_c
[0.971s] -- Using all available rosidl_typesupport_cpp: rosidl_typesupport_fastrtps_cpp;rosidl_typesupport_introspection_cpp
[1.225s] -- Found rmw_implementation_cmake: 6.1.1 (/Users/agaona/github.com/ekf-mono-slam/.pixi/envs/default/share/rmw_implementation_cmake/cmake)
[1.228s] -- Found rmw_cyclonedds_cpp: 1.3.4 (/Users/agaona/github.com/ekf-mono-slam/.pixi/envs/default/share/rmw_cyclonedds_cpp/cmake)
[1.285s] -- Using RMW implementation 'rmw_cyclonedds_cpp' as default
[1.457s] -- Found std_msgs: 4.2.3 (/Users/agaona/github.com/ekf-mono-slam/.pixi/envs/default/share/std_msgs/cmake)
[1.506s] -- Found ament_lint_auto: 0.12.10 (/Users/agaona/github.com/ekf-mono-slam/.pixi/envs/default/share/ament_lint_auto/cmake)
[1.659s] -- Added test 'copyright' to check source files copyright and LICENSE
[1.663s] -- Added test 'cppcheck' to perform static code analysis on C / C++ code
[1.663s] -- Configured cppcheck include dirs: 
[1.663s] -- Configured cppcheck exclude dirs and/or files: 
[1.666s] -- Added test 'cpplint' to check C / C++ code against the Google style
[1.666s] -- Configured cpplint exclude dirs and/or files: 
[1.667s] -- Added test 'lint_cmake' to check CMake code style
[1.671s] -- Added test 'uncrustify' to check C / C++ code style
[1.671s] -- Configured uncrustify additional arguments: 
[1.672s] -- Added test 'xmllint' to check XML markup files
[1.676s] -- Configuring done (1.5s)
[1.714s] -- Generating done (0.0s)
[1.760s] -- Build files have been written to: /Users/agaona/github.com/ekf-mono-slam/build/ekf-mono-slam
[1.768s] Invoked command in '/Users/agaona/github.com/ekf-mono-slam/build/ekf-mono-slam' returned '0': PIXI_PROMPT=(ekf-mono-slam) SHLVL=2 _=/usr/bin/env /Users/agaona/github.com/ekf-mono-slam/.pixi/envs/default/bin/cmake /Users/agaona/github.com/ekf-mono-slam/src/ekf-mono-slam -G Ninja -DAMENT_CMAKE_SYMLINK_INSTALL=1 -DCMAKE_INSTALL_PREFIX=/Users/agaona/github.com/ekf-mono-slam/install/ekf-mono-slam
[1.769s] Invoking command in '/Users/agaona/github.com/ekf-mono-slam/build/ekf-mono-slam': PIXI_PROMPT=(ekf-mono-slam) SHLVL=2 _=/usr/bin/env /Users/agaona/github.com/ekf-mono-slam/.pixi/envs/default/bin/cmake --build /Users/agaona/github.com/ekf-mono-slam/build/ekf-mono-slam -- -j8 -l8
[7.047s] [1/2] Building CXX object CMakeFiles/publisher.dir/src/publisher.cpp.o
[7.279s] [2/2] Linking CXX executable publisher
[7.282s] Invoked command in '/Users/agaona/github.com/ekf-mono-slam/build/ekf-mono-slam' returned '0': PIXI_PROMPT=(ekf-mono-slam) SHLVL=2 _=/usr/bin/env /Users/agaona/github.com/ekf-mono-slam/.pixi/envs/default/bin/cmake --build /Users/agaona/github.com/ekf-mono-slam/build/ekf-mono-slam -- -j8 -l8
[7.637s] Invoking command in '/Users/agaona/github.com/ekf-mono-slam/build/ekf-mono-slam': PIXI_PROMPT=(ekf-mono-slam) SHLVL=2 _=/usr/bin/env /Users/agaona/github.com/ekf-mono-slam/.pixi/envs/default/bin/cmake --install /Users/agaona/github.com/ekf-mono-slam/build/ekf-mono-slam
[7.784s] -- Install configuration: ""
[7.785s] -- Execute custom install script
[7.785s] -- Up-to-date symlink: /Users/agaona/github.com/ekf-mono-slam/install/ekf-mono-slam/lib/ekf-mono-slam/publisher
[7.786s] -- Up-to-date symlink: /Users/agaona/github.com/ekf-mono-slam/install/ekf-mono-slam/lib/ekf-mono-slam/subscriber
[7.786s] -- Up-to-date symlink: /Users/agaona/github.com/ekf-mono-slam/install/ekf-mono-slam/share/ament_index/resource_index/package_run_dependencies/ekf-mono-slam
[7.787s] -- Up-to-date symlink: /Users/agaona/github.com/ekf-mono-slam/install/ekf-mono-slam/share/ament_index/resource_index/parent_prefix_path/ekf-mono-slam
[7.787s] -- Up-to-date symlink: /Users/agaona/github.com/ekf-mono-slam/install/ekf-mono-slam/share/ekf-mono-slam/environment/ament_prefix_path.sh
[7.788s] -- Up-to-date symlink: /Users/agaona/github.com/ekf-mono-slam/install/ekf-mono-slam/share/ekf-mono-slam/environment/ament_prefix_path.dsv
[7.788s] -- Up-to-date symlink: /Users/agaona/github.com/ekf-mono-slam/install/ekf-mono-slam/share/ekf-mono-slam/environment/path.sh
[7.788s] -- Up-to-date symlink: /Users/agaona/github.com/ekf-mono-slam/install/ekf-mono-slam/share/ekf-mono-slam/environment/path.dsv
[7.789s] -- Up-to-date symlink: /Users/agaona/github.com/ekf-mono-slam/install/ekf-mono-slam/share/ekf-mono-slam/local_setup.bash
[7.789s] -- Up-to-date symlink: /Users/agaona/github.com/ekf-mono-slam/install/ekf-mono-slam/share/ekf-mono-slam/local_setup.sh
[7.790s] -- Up-to-date symlink: /Users/agaona/github.com/ekf-mono-slam/install/ekf-mono-slam/share/ekf-mono-slam/local_setup.zsh
[7.790s] -- Up-to-date symlink: /Users/agaona/github.com/ekf-mono-slam/install/ekf-mono-slam/share/ekf-mono-slam/local_setup.dsv
[7.790s] -- Symlinking: /Users/agaona/github.com/ekf-mono-slam/install/ekf-mono-slam/share/ekf-mono-slam/package.dsv
[7.939s] -- Up-to-date symlink: /Users/agaona/github.com/ekf-mono-slam/install/ekf-mono-slam/share/ament_index/resource_index/packages/ekf-mono-slam
[7.939s] -- Up-to-date symlink: /Users/agaona/github.com/ekf-mono-slam/install/ekf-mono-slam/share/ekf-mono-slam/cmake/ekf-mono-slamConfig.cmake
[7.940s] -- Up-to-date symlink: /Users/agaona/github.com/ekf-mono-slam/install/ekf-mono-slam/share/ekf-mono-slam/cmake/ekf-mono-slamConfig-version.cmake
[7.940s] -- Up-to-date symlink: /Users/agaona/github.com/ekf-mono-slam/install/ekf-mono-slam/share/ekf-mono-slam/package.xml
[7.943s] Invoked command in '/Users/agaona/github.com/ekf-mono-slam/build/ekf-mono-slam' returned '0': PIXI_PROMPT=(ekf-mono-slam) SHLVL=2 _=/usr/bin/env /Users/agaona/github.com/ekf-mono-slam/.pixi/envs/default/bin/cmake --install /Users/agaona/github.com/ekf-mono-slam/build/ekf-mono-slam
