[0.039s] Invoking command in '/Users/agaona/github.com/ekf-mono-slam/build/ekf-mono-slam': PIXI_PROMPT=(ekf-mono-slam) SHLVL=2 _=/usr/bin/env /Users/agaona/github.com/ekf-mono-slam/.pixi/envs/default/bin/cmake --build /Users/agaona/github.com/ekf-mono-slam/build/ekf-mono-slam -- -j8 -l8
[0.202s] [0/1] Re-running CMake...
[0.457s] -- Found ament_cmake: 1.3.7 (/Users/agaona/github.com/ekf-mono-slam/.pixi/envs/default/share/ament_cmake/cmake)
[0.998s] -- Override CMake install command with custom implementation using symlinks instead of copying resources
[1.016s] -- Found rclcpp: 16.0.8 (/Users/agaona/github.com/ekf-mono-slam/.pixi/envs/default/share/rclcpp/cmake)
[1.065s] -- Found rosidl_generator_c: 3.1.5 (/Users/agaona/github.com/ekf-mono-slam/.pixi/envs/default/share/rosidl_generator_c/cmake)
[1.069s] -- Found rosidl_adapter: 3.1.5 (/Users/agaona/github.com/ekf-mono-slam/.pixi/envs/default/share/rosidl_adapter/cmake)
[1.080s] -- Found rosidl_generator_cpp: 3.1.5 (/Users/agaona/github.com/ekf-mono-slam/.pixi/envs/default/share/rosidl_generator_cpp/cmake)
[1.100s] -- Using all available rosidl_typesupport_c: rosidl_typesupport_fastrtps_c;rosidl_typesupport_introspection_c
[1.126s] -- Using all available rosidl_typesupport_cpp: rosidl_typesupport_fastrtps_cpp;rosidl_typesupport_introspection_cpp
[1.384s] -- Found rmw_implementation_cmake: 6.1.1 (/Users/agaona/github.com/ekf-mono-slam/.pixi/envs/default/share/rmw_implementation_cmake/cmake)
[1.389s] -- Found rmw_cyclonedds_cpp: 1.3.4 (/Users/agaona/github.com/ekf-mono-slam/.pixi/envs/default/share/rmw_cyclonedds_cpp/cmake)
[1.441s] -- Using RMW implementation 'rmw_cyclonedds_cpp' as default
[1.596s] -- Found std_msgs: 4.2.3 (/Users/agaona/github.com/ekf-mono-slam/.pixi/envs/default/share/std_msgs/cmake)
[1.642s] -- Found ament_lint_auto: 0.12.10 (/Users/agaona/github.com/ekf-mono-slam/.pixi/envs/default/share/ament_lint_auto/cmake)
[1.810s] -- Added test 'copyright' to check source files copyright and LICENSE
[1.814s] -- Added test 'cppcheck' to perform static code analysis on C / C++ code
[1.814s] -- Configured cppcheck include dirs: 
[1.814s] -- Configured cppcheck exclude dirs and/or files: 
[1.817s] -- Added test 'cpplint' to check C / C++ code against the Google style
[1.817s] -- Configured cpplint exclude dirs and/or files: 
[1.819s] -- Added test 'lint_cmake' to check CMake code style
[1.822s] -- Added test 'uncrustify' to check C / C++ code style
[1.822s] -- Configured uncrustify additional arguments: 
[1.823s] -- Added test 'xmllint' to check XML markup files
[1.827s] -- Configuring done (1.5s)
[1.863s] -- Generating done (0.0s)
[1.888s] -- Build files have been written to: /Users/agaona/github.com/ekf-mono-slam/build/ekf-mono-slam
[5.757s] [1/5] Building CXX object CMakeFiles/publisher.dir/src/publisher.cpp.o
[5.757s] /Users/agaona/github.com/ekf-mono-slam/src/ekf-mono-slam/src/publisher.cpp:33:14: warning: unused parameter 'argc' [-Wunused-parameter]
[5.757s] int main(int argc, char ** argv)
[5.757s]              ^
[5.757s] /Users/agaona/github.com/ekf-mono-slam/src/ekf-mono-slam/src/publisher.cpp:33:28: warning: unused parameter 'argv' [-Wunused-parameter]
[5.757s] int main(int argc, char ** argv)
[5.757s]                            ^
[5.757s] 2 warnings generated.
[5.986s] [2/5] Linking CXX executable publisher
[10.769s] [3/5] Building CXX object CMakeFiles/subscriber.dir/src/subscriber.cpp.o
[10.978s] [4/5] Linking CXX executable subscriber
[10.984s] Invoked command in '/Users/agaona/github.com/ekf-mono-slam/build/ekf-mono-slam' returned '0': PIXI_PROMPT=(ekf-mono-slam) SHLVL=2 _=/usr/bin/env /Users/agaona/github.com/ekf-mono-slam/.pixi/envs/default/bin/cmake --build /Users/agaona/github.com/ekf-mono-slam/build/ekf-mono-slam -- -j8 -l8
[11.320s] Invoking command in '/Users/agaona/github.com/ekf-mono-slam/build/ekf-mono-slam': PIXI_PROMPT=(ekf-mono-slam) SHLVL=2 _=/usr/bin/env /Users/agaona/github.com/ekf-mono-slam/.pixi/envs/default/bin/cmake --install /Users/agaona/github.com/ekf-mono-slam/build/ekf-mono-slam
[11.460s] -- Install configuration: ""
[11.460s] -- Execute custom install script
[11.461s] -- Symlinking: /Users/agaona/github.com/ekf-mono-slam/install/ekf-mono-slam/lib/ekf-mono-slam/publisher
[11.612s] -- Symlinking: /Users/agaona/github.com/ekf-mono-slam/install/ekf-mono-slam/lib/ekf-mono-slam/subscriber
[11.755s] -- Symlinking: /Users/agaona/github.com/ekf-mono-slam/install/ekf-mono-slam/share/ament_index/resource_index/package_run_dependencies/ekf-mono-slam
[11.905s] -- Symlinking: /Users/agaona/github.com/ekf-mono-slam/install/ekf-mono-slam/share/ament_index/resource_index/parent_prefix_path/ekf-mono-slam
[12.050s] -- Symlinking: /Users/agaona/github.com/ekf-mono-slam/install/ekf-mono-slam/share/ekf-mono-slam/environment/ament_prefix_path.sh
[12.196s] -- Symlinking: /Users/agaona/github.com/ekf-mono-slam/install/ekf-mono-slam/share/ekf-mono-slam/environment/ament_prefix_path.dsv
[12.342s] -- Symlinking: /Users/agaona/github.com/ekf-mono-slam/install/ekf-mono-slam/share/ekf-mono-slam/environment/path.sh
[12.486s] -- Symlinking: /Users/agaona/github.com/ekf-mono-slam/install/ekf-mono-slam/share/ekf-mono-slam/environment/path.dsv
[12.630s] -- Symlinking: /Users/agaona/github.com/ekf-mono-slam/install/ekf-mono-slam/share/ekf-mono-slam/local_setup.bash
[12.773s] -- Symlinking: /Users/agaona/github.com/ekf-mono-slam/install/ekf-mono-slam/share/ekf-mono-slam/local_setup.sh
[12.921s] -- Symlinking: /Users/agaona/github.com/ekf-mono-slam/install/ekf-mono-slam/share/ekf-mono-slam/local_setup.zsh
[13.065s] -- Symlinking: /Users/agaona/github.com/ekf-mono-slam/install/ekf-mono-slam/share/ekf-mono-slam/local_setup.dsv
[13.211s] -- Symlinking: /Users/agaona/github.com/ekf-mono-slam/install/ekf-mono-slam/share/ekf-mono-slam/package.dsv
[13.355s] -- Symlinking: /Users/agaona/github.com/ekf-mono-slam/install/ekf-mono-slam/share/ament_index/resource_index/packages/ekf-mono-slam
[13.498s] -- Symlinking: /Users/agaona/github.com/ekf-mono-slam/install/ekf-mono-slam/share/ekf-mono-slam/cmake/ekf-mono-slamConfig.cmake
[13.638s] -- Symlinking: /Users/agaona/github.com/ekf-mono-slam/install/ekf-mono-slam/share/ekf-mono-slam/cmake/ekf-mono-slamConfig-version.cmake
[13.785s] -- Symlinking: /Users/agaona/github.com/ekf-mono-slam/install/ekf-mono-slam/share/ekf-mono-slam/package.xml
[13.934s] Invoked command in '/Users/agaona/github.com/ekf-mono-slam/build/ekf-mono-slam' returned '0': PIXI_PROMPT=(ekf-mono-slam) SHLVL=2 _=/usr/bin/env /Users/agaona/github.com/ekf-mono-slam/.pixi/envs/default/bin/cmake --install /Users/agaona/github.com/ekf-mono-slam/build/ekf-mono-slam
