-- The C compiler identification is Clang 16.0.6
-- The CXX compiler identification is Clang 16.0.6
-- Detecting C compiler ABI info
-- Detecting C compiler ABI info - done
-- Check for working C compiler: /Users/agaona/github.com/ekf-mono-slam/.pixi/envs/default/bin/x86_64-apple-darwin13.4.0-clang - skipped
-- Detecting C compile features
-- Detecting C compile features - done
-- Detecting CXX compiler ABI info
-- Detecting CXX compiler ABI info - done
-- Check for working CXX compiler: /Users/agaona/github.com/ekf-mono-slam/.pixi/envs/default/bin/x86_64-apple-darwin13.4.0-clang++ - skipped
-- Detecting CXX compile features
-- Detecting CXX compile features - done
-- Found rclcpp: 16.0.8 (/Users/agaona/github.com/ekf-mono-slam/.pixi/envs/default/share/rclcpp/cmake)
-- Found Python3: /usr/local/Frameworks/Python.framework/Versions/3.12/bin/python3.12 (found version "3.12.3") found components: Interpreter 
-- Override CMake install command with custom implementation using symlinks instead of copying resources
-- Found rosidl_generator_c: 3.1.5 (/Users/agaona/github.com/ekf-mono-slam/.pixi/envs/default/share/rosidl_generator_c/cmake)
-- Found rosidl_adapter: 3.1.5 (/Users/agaona/github.com/ekf-mono-slam/.pixi/envs/default/share/rosidl_adapter/cmake)
-- Found rosidl_generator_cpp: 3.1.5 (/Users/agaona/github.com/ekf-mono-slam/.pixi/envs/default/share/rosidl_generator_cpp/cmake)
-- Using all available rosidl_typesupport_c: rosidl_typesupport_fastrtps_c;rosidl_typesupport_introspection_c
-- Using all available rosidl_typesupport_cpp: rosidl_typesupport_fastrtps_cpp;rosidl_typesupport_introspection_cpp
-- Checking for module 'yaml-0.1'
--   Found yaml-0.1, version 0.2.5
-- Found rmw_implementation_cmake: 6.1.1 (/Users/agaona/github.com/ekf-mono-slam/.pixi/envs/default/share/rmw_implementation_cmake/cmake)
-- Found rmw_cyclonedds_cpp: 1.3.4 (/Users/agaona/github.com/ekf-mono-slam/.pixi/envs/default/share/rmw_cyclonedds_cpp/cmake)
-- Using RMW implementation 'rmw_cyclonedds_cpp' as default
-- Performing Test CMAKE_HAVE_LIBC_PTHREAD
-- Performing Test CMAKE_HAVE_LIBC_PTHREAD - Success
-- Found Threads: TRUE  
-- Found std_msgs: 4.2.3 (/Users/agaona/github.com/ekf-mono-slam/.pixi/envs/default/share/std_msgs/cmake)
-- Configuring done (9.5s)
-- Generating done (0.0s)
-- Build files have been written to: /Users/agaona/github.com/ekf-mono-slam/build/ekf-mono-slam
[1/3] Building CXX object CMakeFiles/ekf-mono-slam.dir/src/subscriber.cpp.o
FAILED: CMakeFiles/ekf-mono-slam.dir/src/subscriber.cpp.o 
/Users/agaona/github.com/ekf-mono-slam/.pixi/envs/default/bin/x86_64-apple-darwin13.4.0-clang++  -I/Users/agaona/github.com/ekf-mono-slam/src/ekf-mono-slam/include -march=core2 -mtune=haswell -mssse3 -ftree-vectorize -fPIC -fstack-protector-strong -O2 -pipe -stdlib=libc++ -fvisibility-inlines-hidden -fmessage-length=0 -isystem /Users/agaona/github.com/ekf-mono-slam/.pixi/envs/default/include -isysroot /Applications/Xcode.app/Contents/Developer/Platforms/MacOSX.platform/Developer/SDKs/MacOSX.sdk -Wall -Wextra -Wpedantic -MD -MT CMakeFiles/ekf-mono-slam.dir/src/subscriber.cpp.o -MF CMakeFiles/ekf-mono-slam.dir/src/subscriber.cpp.o.d -o CMakeFiles/ekf-mono-slam.dir/src/subscriber.cpp.o -c /Users/agaona/github.com/ekf-mono-slam/src/ekf-mono-slam/src/subscriber.cpp
/Users/agaona/github.com/ekf-mono-slam/src/ekf-mono-slam/src/subscriber.cpp:3:10: fatal error: 'rclcpp/rclcpp.hpp' file not found
#include "rclcpp/rclcpp.hpp"
         ^~~~~~~~~~~~~~~~~~~
1 error generated.
[2/3] Building CXX object CMakeFiles/ekf-mono-slam.dir/src/publisher.cpp.o
FAILED: CMakeFiles/ekf-mono-slam.dir/src/publisher.cpp.o 
/Users/agaona/github.com/ekf-mono-slam/.pixi/envs/default/bin/x86_64-apple-darwin13.4.0-clang++  -I/Users/agaona/github.com/ekf-mono-slam/src/ekf-mono-slam/include -march=core2 -mtune=haswell -mssse3 -ftree-vectorize -fPIC -fstack-protector-strong -O2 -pipe -stdlib=libc++ -fvisibility-inlines-hidden -fmessage-length=0 -isystem /Users/agaona/github.com/ekf-mono-slam/.pixi/envs/default/include -isysroot /Applications/Xcode.app/Contents/Developer/Platforms/MacOSX.platform/Developer/SDKs/MacOSX.sdk -Wall -Wextra -Wpedantic -MD -MT CMakeFiles/ekf-mono-slam.dir/src/publisher.cpp.o -MF CMakeFiles/ekf-mono-slam.dir/src/publisher.cpp.o.d -o CMakeFiles/ekf-mono-slam.dir/src/publisher.cpp.o -c /Users/agaona/github.com/ekf-mono-slam/src/ekf-mono-slam/src/publisher.cpp
/Users/agaona/github.com/ekf-mono-slam/src/ekf-mono-slam/src/publisher.cpp:5:10: fatal error: 'rclcpp/rclcpp.hpp' file not found
#include "rclcpp/rclcpp.hpp"
         ^~~~~~~~~~~~~~~~~~~
1 error generated.
ninja: build stopped: subcommand failed.
