[0.044s] Invoking command in '/Users/agaona/github.com/ekf-mono-slam/build/ekf-mono-slam': PIXI_PROMPT=(ekf-mono-slam) SHLVL=2 _=/usr/bin/env /Users/agaona/github.com/ekf-mono-slam/.pixi/envs/default/bin/cmake /Users/agaona/github.com/ekf-mono-slam/src/ekf-mono-slam -G Ninja -DAMENT_CMAKE_SYMLINK_INSTALL=1 -DCMAKE_INSTALL_PREFIX=/Users/agaona/github.com/ekf-mono-slam/install/ekf-mono-slam
[0.958s] -- The C compiler identification is Clang 16.0.6
[1.301s] -- The CXX compiler identification is Clang 16.0.6
[1.487s] -- Detecting C compiler ABI info
[2.056s] -- Detecting C compiler ABI info - done
[2.065s] -- Check for working C compiler: /Users/agaona/github.com/ekf-mono-slam/.pixi/envs/default/bin/x86_64-apple-darwin13.4.0-clang - skipped
[2.067s] -- Detecting C compile features
[2.068s] -- Detecting C compile features - done
[2.245s] -- Detecting CXX compiler ABI info
[2.812s] -- Detecting CXX compiler ABI info - done
[2.819s] -- Check for working CXX compiler: /Users/agaona/github.com/ekf-mono-slam/.pixi/envs/default/bin/x86_64-apple-darwin13.4.0-clang++ - skipped
[2.819s] -- Detecting CXX compile features
[2.820s] -- Detecting CXX compile features - done
[2.847s] -- Found rclcpp: 16.0.8 (/Users/agaona/github.com/ekf-mono-slam/.pixi/envs/default/share/rclcpp/cmake)
[4.890s] -- Found Python3: /usr/local/Frameworks/Python.framework/Versions/3.12/bin/python3.12 (found version "3.12.3") found components: Interpreter 
[5.095s] -- Override CMake install command with custom implementation using symlinks instead of copying resources
[5.695s] -- Found rosidl_generator_c: 3.1.5 (/Users/agaona/github.com/ekf-mono-slam/.pixi/envs/default/share/rosidl_generator_c/cmake)
[5.733s] -- Found rosidl_adapter: 3.1.5 (/Users/agaona/github.com/ekf-mono-slam/.pixi/envs/default/share/rosidl_adapter/cmake)
[5.787s] -- Found rosidl_generator_cpp: 3.1.5 (/Users/agaona/github.com/ekf-mono-slam/.pixi/envs/default/share/rosidl_generator_cpp/cmake)
[5.852s] -- Using all available rosidl_typesupport_c: rosidl_typesupport_fastrtps_c;rosidl_typesupport_introspection_c
[5.944s] -- Using all available rosidl_typesupport_cpp: rosidl_typesupport_fastrtps_cpp;rosidl_typesupport_introspection_cpp
[6.316s] -- Checking for module 'yaml-0.1'
[6.774s] --   Found yaml-0.1, version 0.2.5
[8.158s] -- Found rmw_implementation_cmake: 6.1.1 (/Users/agaona/github.com/ekf-mono-slam/.pixi/envs/default/share/rmw_implementation_cmake/cmake)
[8.180s] -- Found rmw_cyclonedds_cpp: 1.3.4 (/Users/agaona/github.com/ekf-mono-slam/.pixi/envs/default/share/rmw_cyclonedds_cpp/cmake)
[8.357s] -- Using RMW implementation 'rmw_cyclonedds_cpp' as default
[8.478s] -- Performing Test CMAKE_HAVE_LIBC_PTHREAD
[9.076s] -- Performing Test CMAKE_HAVE_LIBC_PTHREAD - Success
[9.078s] -- Found Threads: TRUE  
[9.379s] -- Found std_msgs: 4.2.3 (/Users/agaona/github.com/ekf-mono-slam/.pixi/envs/default/share/std_msgs/cmake)
[9.709s] -- Configuring done (9.5s)
[9.735s] -- Generating done (0.0s)
[9.785s] -- Build files have been written to: /Users/agaona/github.com/ekf-mono-slam/build/ekf-mono-slam
[9.815s] Invoked command in '/Users/agaona/github.com/ekf-mono-slam/build/ekf-mono-slam' returned '0': PIXI_PROMPT=(ekf-mono-slam) SHLVL=2 _=/usr/bin/env /Users/agaona/github.com/ekf-mono-slam/.pixi/envs/default/bin/cmake /Users/agaona/github.com/ekf-mono-slam/src/ekf-mono-slam -G Ninja -DAMENT_CMAKE_SYMLINK_INSTALL=1 -DCMAKE_INSTALL_PREFIX=/Users/agaona/github.com/ekf-mono-slam/install/ekf-mono-slam
[9.817s] Invoking command in '/Users/agaona/github.com/ekf-mono-slam/build/ekf-mono-slam': PIXI_PROMPT=(ekf-mono-slam) SHLVL=2 _=/usr/bin/env /Users/agaona/github.com/ekf-mono-slam/.pixi/envs/default/bin/cmake --build /Users/agaona/github.com/ekf-mono-slam/build/ekf-mono-slam -- -j8 -l8
[10.734s] [1/3] Building CXX object CMakeFiles/ekf-mono-slam.dir/src/subscriber.cpp.o
[10.734s] FAILED: CMakeFiles/ekf-mono-slam.dir/src/subscriber.cpp.o 
[10.734s] /Users/agaona/github.com/ekf-mono-slam/.pixi/envs/default/bin/x86_64-apple-darwin13.4.0-clang++  -I/Users/agaona/github.com/ekf-mono-slam/src/ekf-mono-slam/include -march=core2 -mtune=haswell -mssse3 -ftree-vectorize -fPIC -fstack-protector-strong -O2 -pipe -stdlib=libc++ -fvisibility-inlines-hidden -fmessage-length=0 -isystem /Users/agaona/github.com/ekf-mono-slam/.pixi/envs/default/include -isysroot /Applications/Xcode.app/Contents/Developer/Platforms/MacOSX.platform/Developer/SDKs/MacOSX.sdk -Wall -Wextra -Wpedantic -MD -MT CMakeFiles/ekf-mono-slam.dir/src/subscriber.cpp.o -MF CMakeFiles/ekf-mono-slam.dir/src/subscriber.cpp.o.d -o CMakeFiles/ekf-mono-slam.dir/src/subscriber.cpp.o -c /Users/agaona/github.com/ekf-mono-slam/src/ekf-mono-slam/src/subscriber.cpp
[10.734s] /Users/agaona/github.com/ekf-mono-slam/src/ekf-mono-slam/src/subscriber.cpp:3:10: fatal error: 'rclcpp/rclcpp.hpp' file not found
[10.734s] #include "rclcpp/rclcpp.hpp"
[10.734s]          ^~~~~~~~~~~~~~~~~~~
[10.734s] 1 error generated.
[11.085s] [2/3] Building CXX object CMakeFiles/ekf-mono-slam.dir/src/publisher.cpp.o
[11.085s] FAILED: CMakeFiles/ekf-mono-slam.dir/src/publisher.cpp.o 
[11.085s] /Users/agaona/github.com/ekf-mono-slam/.pixi/envs/default/bin/x86_64-apple-darwin13.4.0-clang++  -I/Users/agaona/github.com/ekf-mono-slam/src/ekf-mono-slam/include -march=core2 -mtune=haswell -mssse3 -ftree-vectorize -fPIC -fstack-protector-strong -O2 -pipe -stdlib=libc++ -fvisibility-inlines-hidden -fmessage-length=0 -isystem /Users/agaona/github.com/ekf-mono-slam/.pixi/envs/default/include -isysroot /Applications/Xcode.app/Contents/Developer/Platforms/MacOSX.platform/Developer/SDKs/MacOSX.sdk -Wall -Wextra -Wpedantic -MD -MT CMakeFiles/ekf-mono-slam.dir/src/publisher.cpp.o -MF CMakeFiles/ekf-mono-slam.dir/src/publisher.cpp.o.d -o CMakeFiles/ekf-mono-slam.dir/src/publisher.cpp.o -c /Users/agaona/github.com/ekf-mono-slam/src/ekf-mono-slam/src/publisher.cpp
[11.085s] /Users/agaona/github.com/ekf-mono-slam/src/ekf-mono-slam/src/publisher.cpp:5:10: fatal error: 'rclcpp/rclcpp.hpp' file not found
[11.085s] #include "rclcpp/rclcpp.hpp"
[11.085s]          ^~~~~~~~~~~~~~~~~~~
[11.085s] 1 error generated.
[11.085s] ninja: build stopped: subcommand failed.
[11.088s] Invoked command in '/Users/agaona/github.com/ekf-mono-slam/build/ekf-mono-slam' returned '1': PIXI_PROMPT=(ekf-mono-slam) SHLVL=2 _=/usr/bin/env /Users/agaona/github.com/ekf-mono-slam/.pixi/envs/default/bin/cmake --build /Users/agaona/github.com/ekf-mono-slam/build/ekf-mono-slam -- -j8 -l8
